<?xml version="1.0" encoding="UTF-8"?>
<testsuite xmlns:xsi="http://www.w3.org/2001/XMLSchema-instance" xsi:noNamespaceSchemaLocation="https://maven.apache.org/surefire/maven-surefire-plugin/xsd/surefire-test-report.xsd" name="cucumberOptions.TestRunner" time="11.626" tests="5" errors="0" skipped="0" failures="1">
  <properties>
    <property name="java.specification.version" value="17"/>
    <property name="sun.jnu.encoding" value="UTF-8"/>
    <property name="java.class.path" value="/Users/salemk/Downloads/APIs_BDD_Test-master/target/test-classes:/Users/salemk/Downloads/APIs_BDD_Test-master/target/classes:/Users/salemk/.m2/repository/org/apache/maven/plugins/maven-compiler-plugin/3.8.1/maven-compiler-plugin-3.8.1.jar:/Users/salemk/.m2/repository/org/apache/maven/maven-plugin-api/3.0/maven-plugin-api-3.0.jar:/Users/salemk/.m2/repository/org/apache/maven/maven-model/3.0/maven-model-3.0.jar:/Users/salemk/.m2/repository/org/sonatype/sisu/sisu-inject-plexus/1.4.2/sisu-inject-plexus-1.4.2.jar:/Users/salemk/.m2/repository/org/sonatype/sisu/sisu-inject-bean/1.4.2/sisu-inject-bean-1.4.2.jar:/Users/salemk/.m2/repository/org/sonatype/sisu/sisu-guice/2.1.7/sisu-guice-2.1.7-noaop.jar:/Users/salemk/.m2/repository/org/apache/maven/maven-artifact/3.0/maven-artifact-3.0.jar:/Users/salemk/.m2/repository/org/codehaus/plexus/plexus-utils/2.0.4/plexus-utils-2.0.4.jar:/Users/salemk/.m2/repository/org/apache/maven/maven-core/3.0/maven-core-3.0.jar:/Users/salemk/.m2/repository/org/apache/maven/maven-settings/3.0/maven-settings-3.0.jar:/Users/salemk/.m2/repository/org/apache/maven/maven-settings-builder/3.0/maven-settings-builder-3.0.jar:/Users/salemk/.m2/repository/org/apache/maven/maven-repository-metadata/3.0/maven-repository-metadata-3.0.jar:/Users/salemk/.m2/repository/org/apache/maven/maven-model-builder/3.0/maven-model-builder-3.0.jar:/Users/salemk/.m2/repository/org/apache/maven/maven-aether-provider/3.0/maven-aether-provider-3.0.jar:/Users/salemk/.m2/repository/org/sonatype/aether/aether-impl/1.7/aether-impl-1.7.jar:/Users/salemk/.m2/repository/org/sonatype/aether/aether-spi/1.7/aether-spi-1.7.jar:/Users/salemk/.m2/repository/org/sonatype/aether/aether-api/1.7/aether-api-1.7.jar:/Users/salemk/.m2/repository/org/sonatype/aether/aether-util/1.7/aether-util-1.7.jar:/Users/salemk/.m2/repository/org/codehaus/plexus/plexus-interpolation/1.14/plexus-interpolation-1.14.jar:/Users/salemk/.m2/repository/org/codehaus/plexus/plexus-classworlds/2.2.3/plexus-classworlds-2.2.3.jar:/Users/salemk/.m2/repository/org/codehaus/plexus/plexus-component-annotations/1.5.5/plexus-component-annotations-1.5.5.jar:/Users/salemk/.m2/repository/org/sonatype/plexus/plexus-sec-dispatcher/1.3/plexus-sec-dispatcher-1.3.jar:/Users/salemk/.m2/repository/org/sonatype/plexus/plexus-cipher/1.4/plexus-cipher-1.4.jar:/Users/salemk/.m2/repository/org/apache/maven/shared/maven-shared-utils/3.2.1/maven-shared-utils-3.2.1.jar:/Users/salemk/.m2/repository/commons-io/commons-io/2.5/commons-io-2.5.jar:/Users/salemk/.m2/repository/org/apache/maven/shared/maven-shared-incremental/1.1/maven-shared-incremental-1.1.jar:/Users/salemk/.m2/repository/org/codehaus/plexus/plexus-java/0.9.10/plexus-java-0.9.10.jar:/Users/salemk/.m2/repository/org/ow2/asm/asm/6.2/asm-6.2.jar:/Users/salemk/.m2/repository/com/thoughtworks/qdox/qdox/2.0-M8/qdox-2.0-M8.jar:/Users/salemk/.m2/repository/org/codehaus/plexus/plexus-compiler-api/2.8.4/plexus-compiler-api-2.8.4.jar:/Users/salemk/.m2/repository/org/codehaus/plexus/plexus-compiler-manager/2.8.4/plexus-compiler-manager-2.8.4.jar:/Users/salemk/.m2/repository/org/codehaus/plexus/plexus-compiler-javac/2.8.4/plexus-compiler-javac-2.8.4.jar:/Users/salemk/.m2/repository/org/testng/testng/7.4.0/testng-7.4.0.jar:/Users/salemk/.m2/repository/com/beust/jcommander/1.78/jcommander-1.78.jar:/Users/salemk/.m2/repository/org/webjars/jquery/3.5.1/jquery-3.5.1.jar:/Users/salemk/.m2/repository/io/cucumber/cucumber-java/6.0.0/cucumber-java-6.0.0.jar:/Users/salemk/.m2/repository/io/cucumber/cucumber-core/6.0.0/cucumber-core-6.0.0.jar:/Users/salemk/.m2/repository/io/cucumber/cucumber-gherkin/6.0.0/cucumber-gherkin-6.0.0.jar:/Users/salemk/.m2/repository/io/cucumber/cucumber-gherkin-messages/6.0.0/cucumber-gherkin-messages-6.0.0.jar:/Users/salemk/.m2/repository/io/cucumber/messages/12.1.1/messages-12.1.1.jar:/Users/salemk/.m2/repository/io/cucumber/tag-expressions/2.0.4/tag-expressions-2.0.4.jar:/Users/salemk/.m2/repository/io/cucumber/cucumber-expressions/10.2.0/cucumber-expressions-10.2.0.jar:/Users/salemk/.m2/repository/io/cucumber/datatable/3.3.1/datatable-3.3.1.jar:/Users/salemk/.m2/repository/io/cucumber/cucumber-plugin/6.0.0/cucumber-plugin-6.0.0.jar:/Users/salemk/.m2/repository/io/cucumber/docstring/6.0.0/docstring-6.0.0.jar:/Users/salemk/.m2/repository/io/cucumber/html-formatter/6.0.2/html-formatter-6.0.2.jar:/Users/salemk/.m2/repository/org/apiguardian/apiguardian-api/1.1.0/apiguardian-api-1.1.0.jar:/Users/salemk/.m2/repository/io/cucumber/cucumber-testng/6.0.0/cucumber-testng-6.0.0.jar:/Users/salemk/.m2/repository/com/google/code/gson/gson/2.8.8/gson-2.8.8.jar:/Users/salemk/.m2/repository/io/cucumber/cucumber-picocontainer/6.0.0/cucumber-picocontainer-6.0.0.jar:/Users/salemk/.m2/repository/org/picocontainer/picocontainer/2.15/picocontainer-2.15.jar:/Users/salemk/.m2/repository/io/rest-assured/rest-assured/4.4.0/rest-assured-4.4.0.jar:/Users/salemk/.m2/repository/org/codehaus/groovy/groovy/3.0.8/groovy-3.0.8.jar:/Users/salemk/.m2/repository/org/codehaus/groovy/groovy-xml/3.0.8/groovy-xml-3.0.8.jar:/Users/salemk/.m2/repository/org/apache/httpcomponents/httpclient/4.5.13/httpclient-4.5.13.jar:/Users/salemk/.m2/repository/org/apache/httpcomponents/httpcore/4.4.13/httpcore-4.4.13.jar:/Users/salemk/.m2/repository/commons-logging/commons-logging/1.2/commons-logging-1.2.jar:/Users/salemk/.m2/repository/commons-codec/commons-codec/1.11/commons-codec-1.11.jar:/Users/salemk/.m2/repository/org/apache/httpcomponents/httpmime/4.5.13/httpmime-4.5.13.jar:/Users/salemk/.m2/repository/org/hamcrest/hamcrest/2.1/hamcrest-2.1.jar:/Users/salemk/.m2/repository/org/ccil/cowan/tagsoup/tagsoup/1.2.1/tagsoup-1.2.1.jar:/Users/salemk/.m2/repository/io/rest-assured/json-path/4.4.0/json-path-4.4.0.jar:/Users/salemk/.m2/repository/org/codehaus/groovy/groovy-json/3.0.8/groovy-json-3.0.8.jar:/Users/salemk/.m2/repository/io/rest-assured/rest-assured-common/4.4.0/rest-assured-common-4.4.0.jar:/Users/salemk/.m2/repository/io/rest-assured/xml-path/4.4.0/xml-path-4.4.0.jar:/Users/salemk/.m2/repository/org/apache/commons/commons-lang3/3.11/commons-lang3-3.11.jar:/Users/salemk/.m2/repository/jakarta/xml/bind/jakarta.xml.bind-api/2.3.3/jakarta.xml.bind-api-2.3.3.jar:/Users/salemk/.m2/repository/jakarta/activation/jakarta.activation-api/1.2.2/jakarta.activation-api-1.2.2.jar:/Users/salemk/.m2/repository/com/sun/xml/bind/jaxb-impl/2.3.3/jaxb-impl-2.3.3.jar:/Users/salemk/.m2/repository/com/fasterxml/jackson/core/jackson-databind/2.13.0/jackson-databind-2.13.0.jar:/Users/salemk/.m2/repository/com/fasterxml/jackson/core/jackson-annotations/2.13.0/jackson-annotations-2.13.0.jar:/Users/salemk/.m2/repository/com/fasterxml/jackson/core/jackson-core/2.13.0/jackson-core-2.13.0.jar:/Users/salemk/.m2/repository/org/apache/maven/surefire/surefire-testng-utils/2.22.0/surefire-testng-utils-2.22.0.jar:/Users/salemk/.m2/repository/org/apache/maven/surefire/surefire-grouper/2.22.0/surefire-grouper-2.22.0.jar:"/>
    <property name="java.vm.vendor" value="Oracle Corporation"/>
    <property name="sun.arch.data.model" value="64"/>
    <property name="java.vendor.url" value="https://java.oracle.com/"/>
    <property name="os.name" value="Mac OS X"/>
    <property name="java.vm.specification.version" value="17"/>
    <property name="sun.java.launcher" value="SUN_STANDARD"/>
    <property name="user.country" value="EG"/>
    <property name="sun.boot.library.path" value="/Library/Java/JavaVirtualMachines/jdk-17.0.7.jdk/Contents/Home/lib"/>
    <property name="sun.java.command" value="/Users/salemk/Downloads/APIs_BDD_Test-master/target/surefire/surefirebooter15520221317251920143.jar /Users/salemk/Downloads/APIs_BDD_Test-master/target/surefire 2023-09-05T03-40-03_757-jvmRun1 surefire8885989525336753589tmp surefire_015898988375348624742tmp"/>
    <property name="jdk.debug" value="release"/>
    <property name="surefire.test.class.path" value="/Users/salemk/Downloads/APIs_BDD_Test-master/target/test-classes:/Users/salemk/Downloads/APIs_BDD_Test-master/target/classes:/Users/salemk/.m2/repository/org/apache/maven/plugins/maven-compiler-plugin/3.8.1/maven-compiler-plugin-3.8.1.jar:/Users/salemk/.m2/repository/org/apache/maven/maven-plugin-api/3.0/maven-plugin-api-3.0.jar:/Users/salemk/.m2/repository/org/apache/maven/maven-model/3.0/maven-model-3.0.jar:/Users/salemk/.m2/repository/org/sonatype/sisu/sisu-inject-plexus/1.4.2/sisu-inject-plexus-1.4.2.jar:/Users/salemk/.m2/repository/org/sonatype/sisu/sisu-inject-bean/1.4.2/sisu-inject-bean-1.4.2.jar:/Users/salemk/.m2/repository/org/sonatype/sisu/sisu-guice/2.1.7/sisu-guice-2.1.7-noaop.jar:/Users/salemk/.m2/repository/org/apache/maven/maven-artifact/3.0/maven-artifact-3.0.jar:/Users/salemk/.m2/repository/org/codehaus/plexus/plexus-utils/2.0.4/plexus-utils-2.0.4.jar:/Users/salemk/.m2/repository/org/apache/maven/maven-core/3.0/maven-core-3.0.jar:/Users/salemk/.m2/repository/org/apache/maven/maven-settings/3.0/maven-settings-3.0.jar:/Users/salemk/.m2/repository/org/apache/maven/maven-settings-builder/3.0/maven-settings-builder-3.0.jar:/Users/salemk/.m2/repository/org/apache/maven/maven-repository-metadata/3.0/maven-repository-metadata-3.0.jar:/Users/salemk/.m2/repository/org/apache/maven/maven-model-builder/3.0/maven-model-builder-3.0.jar:/Users/salemk/.m2/repository/org/apache/maven/maven-aether-provider/3.0/maven-aether-provider-3.0.jar:/Users/salemk/.m2/repository/org/sonatype/aether/aether-impl/1.7/aether-impl-1.7.jar:/Users/salemk/.m2/repository/org/sonatype/aether/aether-spi/1.7/aether-spi-1.7.jar:/Users/salemk/.m2/repository/org/sonatype/aether/aether-api/1.7/aether-api-1.7.jar:/Users/salemk/.m2/repository/org/sonatype/aether/aether-util/1.7/aether-util-1.7.jar:/Users/salemk/.m2/repository/org/codehaus/plexus/plexus-interpolation/1.14/plexus-interpolation-1.14.jar:/Users/salemk/.m2/repository/org/codehaus/plexus/plexus-classworlds/2.2.3/plexus-classworlds-2.2.3.jar:/Users/salemk/.m2/repository/org/codehaus/plexus/plexus-component-annotations/1.5.5/plexus-component-annotations-1.5.5.jar:/Users/salemk/.m2/repository/org/sonatype/plexus/plexus-sec-dispatcher/1.3/plexus-sec-dispatcher-1.3.jar:/Users/salemk/.m2/repository/org/sonatype/plexus/plexus-cipher/1.4/plexus-cipher-1.4.jar:/Users/salemk/.m2/repository/org/apache/maven/shared/maven-shared-utils/3.2.1/maven-shared-utils-3.2.1.jar:/Users/salemk/.m2/repository/commons-io/commons-io/2.5/commons-io-2.5.jar:/Users/salemk/.m2/repository/org/apache/maven/shared/maven-shared-incremental/1.1/maven-shared-incremental-1.1.jar:/Users/salemk/.m2/repository/org/codehaus/plexus/plexus-java/0.9.10/plexus-java-0.9.10.jar:/Users/salemk/.m2/repository/org/ow2/asm/asm/6.2/asm-6.2.jar:/Users/salemk/.m2/repository/com/thoughtworks/qdox/qdox/2.0-M8/qdox-2.0-M8.jar:/Users/salemk/.m2/repository/org/codehaus/plexus/plexus-compiler-api/2.8.4/plexus-compiler-api-2.8.4.jar:/Users/salemk/.m2/repository/org/codehaus/plexus/plexus-compiler-manager/2.8.4/plexus-compiler-manager-2.8.4.jar:/Users/salemk/.m2/repository/org/codehaus/plexus/plexus-compiler-javac/2.8.4/plexus-compiler-javac-2.8.4.jar:/Users/salemk/.m2/repository/org/testng/testng/7.4.0/testng-7.4.0.jar:/Users/salemk/.m2/repository/com/beust/jcommander/1.78/jcommander-1.78.jar:/Users/salemk/.m2/repository/org/webjars/jquery/3.5.1/jquery-3.5.1.jar:/Users/salemk/.m2/repository/io/cucumber/cucumber-java/6.0.0/cucumber-java-6.0.0.jar:/Users/salemk/.m2/repository/io/cucumber/cucumber-core/6.0.0/cucumber-core-6.0.0.jar:/Users/salemk/.m2/repository/io/cucumber/cucumber-gherkin/6.0.0/cucumber-gherkin-6.0.0.jar:/Users/salemk/.m2/repository/io/cucumber/cucumber-gherkin-messages/6.0.0/cucumber-gherkin-messages-6.0.0.jar:/Users/salemk/.m2/repository/io/cucumber/messages/12.1.1/messages-12.1.1.jar:/Users/salemk/.m2/repository/io/cucumber/tag-expressions/2.0.4/tag-expressions-2.0.4.jar:/Users/salemk/.m2/repository/io/cucumber/cucumber-expressions/10.2.0/cucumber-expressions-10.2.0.jar:/Users/salemk/.m2/repository/io/cucumber/datatable/3.3.1/datatable-3.3.1.jar:/Users/salemk/.m2/repository/io/cucumber/cucumber-plugin/6.0.0/cucumber-plugin-6.0.0.jar:/Users/salemk/.m2/repository/io/cucumber/docstring/6.0.0/docstring-6.0.0.jar:/Users/salemk/.m2/repository/io/cucumber/html-formatter/6.0.2/html-formatter-6.0.2.jar:/Users/salemk/.m2/repository/org/apiguardian/apiguardian-api/1.1.0/apiguardian-api-1.1.0.jar:/Users/salemk/.m2/repository/io/cucumber/cucumber-testng/6.0.0/cucumber-testng-6.0.0.jar:/Users/salemk/.m2/repository/com/google/code/gson/gson/2.8.8/gson-2.8.8.jar:/Users/salemk/.m2/repository/io/cucumber/cucumber-picocontainer/6.0.0/cucumber-picocontainer-6.0.0.jar:/Users/salemk/.m2/repository/org/picocontainer/picocontainer/2.15/picocontainer-2.15.jar:/Users/salemk/.m2/repository/io/rest-assured/rest-assured/4.4.0/rest-assured-4.4.0.jar:/Users/salemk/.m2/repository/org/codehaus/groovy/groovy/3.0.8/groovy-3.0.8.jar:/Users/salemk/.m2/repository/org/codehaus/groovy/groovy-xml/3.0.8/groovy-xml-3.0.8.jar:/Users/salemk/.m2/repository/org/apache/httpcomponents/httpclient/4.5.13/httpclient-4.5.13.jar:/Users/salemk/.m2/repository/org/apache/httpcomponents/httpcore/4.4.13/httpcore-4.4.13.jar:/Users/salemk/.m2/repository/commons-logging/commons-logging/1.2/commons-logging-1.2.jar:/Users/salemk/.m2/repository/commons-codec/commons-codec/1.11/commons-codec-1.11.jar:/Users/salemk/.m2/repository/org/apache/httpcomponents/httpmime/4.5.13/httpmime-4.5.13.jar:/Users/salemk/.m2/repository/org/hamcrest/hamcrest/2.1/hamcrest-2.1.jar:/Users/salemk/.m2/repository/org/ccil/cowan/tagsoup/tagsoup/1.2.1/tagsoup-1.2.1.jar:/Users/salemk/.m2/repository/io/rest-assured/json-path/4.4.0/json-path-4.4.0.jar:/Users/salemk/.m2/repository/org/codehaus/groovy/groovy-json/3.0.8/groovy-json-3.0.8.jar:/Users/salemk/.m2/repository/io/rest-assured/rest-assured-common/4.4.0/rest-assured-common-4.4.0.jar:/Users/salemk/.m2/repository/io/rest-assured/xml-path/4.4.0/xml-path-4.4.0.jar:/Users/salemk/.m2/repository/org/apache/commons/commons-lang3/3.11/commons-lang3-3.11.jar:/Users/salemk/.m2/repository/jakarta/xml/bind/jakarta.xml.bind-api/2.3.3/jakarta.xml.bind-api-2.3.3.jar:/Users/salemk/.m2/repository/jakarta/activation/jakarta.activation-api/1.2.2/jakarta.activation-api-1.2.2.jar:/Users/salemk/.m2/repository/com/sun/xml/bind/jaxb-impl/2.3.3/jaxb-impl-2.3.3.jar:/Users/salemk/.m2/repository/com/fasterxml/jackson/core/jackson-databind/2.13.0/jackson-databind-2.13.0.jar:/Users/salemk/.m2/repository/com/fasterxml/jackson/core/jackson-annotations/2.13.0/jackson-annotations-2.13.0.jar:/Users/salemk/.m2/repository/com/fasterxml/jackson/core/jackson-core/2.13.0/jackson-core-2.13.0.jar:/Users/salemk/.m2/repository/org/apache/maven/surefire/surefire-testng-utils/2.22.0/surefire-testng-utils-2.22.0.jar:/Users/salemk/.m2/repository/org/apache/maven/surefire/surefire-grouper/2.22.0/surefire-grouper-2.22.0.jar:"/>
    <property name="sun.cpu.endian" value="little"/>
    <property name="user.home" value="/Users/salemk"/>
    <property name="user.language" value="en"/>
    <property name="java.specification.vendor" value="Oracle Corporation"/>
    <property name="java.version.date" value="2023-04-18"/>
    <property name="java.home" value="/Library/Java/JavaVirtualMachines/jdk-17.0.7.jdk/Contents/Home"/>
    <property name="file.separator" value="/"/>
    <property name="basedir" value="/Users/salemk/Downloads/APIs_BDD_Test-master"/>
    <property name="java.vm.compressedOopsMode" value="Zero based"/>
    <property name="line.separator" value="&#10;"/>
    <property name="java.vm.specification.vendor" value="Oracle Corporation"/>
    <property name="java.specification.name" value="Java Platform API Specification"/>
    <property name="surefire.real.class.path" value="/Users/salemk/Downloads/APIs_BDD_Test-master/target/surefire/surefirebooter15520221317251920143.jar"/>
    <property name="sun.management.compiler" value="HotSpot 64-Bit Tiered Compilers"/>
    <property name="java.runtime.version" value="17.0.7+8-LTS-224"/>
    <property name="user.name" value="salemk"/>
    <property name="path.separator" value=":"/>
    <property name="os.version" value="13.5"/>
    <property name="java.runtime.name" value="Java(TM) SE Runtime Environment"/>
    <property name="file.encoding" value="UTF-8"/>
    <property name="java.vm.name" value="Java HotSpot(TM) 64-Bit Server VM"/>
    <property name="localRepository" value="/Users/salemk/.m2/repository"/>
    <property name="java.vendor.url.bug" value="https://bugreport.java.com/bugreport/"/>
    <property name="java.io.tmpdir" value="/var/folders/p4/jtgl4d7j4qdg86mdfxzmmlq8rk79yc/T/"/>
    <property name="java.version" value="17.0.7"/>
    <property name="cucumber.filter.tags" value="@PETTSK"/>
    <property name="user.dir" value="/Users/salemk/Downloads/APIs_BDD_Test-master"/>
    <property name="os.arch" value="aarch64"/>
    <property name="java.vm.specification.name" value="Java Virtual Machine Specification"/>
    <property name="native.encoding" value="UTF-8"/>
    <property name="java.library.path" value="/Users/salemk/Library/Java/Extensions:/Library/Java/Extensions:/Network/Library/Java/Extensions:/System/Library/Java/Extensions:/usr/lib/java:."/>
    <property name="java.vm.info" value="mixed mode, sharing"/>
    <property name="java.vendor" value="Oracle Corporation"/>
    <property name="java.vm.version" value="17.0.7+8-LTS-224"/>
    <property name="sun.io.unicode.encoding" value="UnicodeBig"/>
    <property name="java.class.version" value="61.0"/>
  </properties>
  <testcase name="runScenario" classname="cucumberOptions.TestRunner" time="2.512"/>
  <testcase name="runScenario" classname="cucumberOptions.TestRunner" time="1.763"/>
  <testcase name="runScenario" classname="cucumberOptions.TestRunner" time="1.825"/>
  <testcase name="runScenario" classname="cucumberOptions.TestRunner" time="3.311"/>
  <testcase name="runScenario" classname="cucumberOptions.TestRunner" time="1.517">
    <failure message="expected [200] but found [404]" type="java.lang.AssertionError">java.lang.AssertionError: expected [200] but found [404]
</failure>
    <system-out><![CDATA[
@PETTSK
Scenario Outline: Delete Pet                # src/test/java/features/Pets.feature:25
Request URI:	https://petstore.swagger.io/v2/pet/1
  When i delete this pet "1"                # steps.Pet.iDeleteThisPet(java.lang.String)
Request URI:	https://petstore.swagger.io/v2/pet/1
  Then i should be deleted successfully "1" # steps.Pet.iShouldBeDeletedSuccessfully(java.lang.String)
      java.lang.AssertionError: expected [200] but found [404]
	at org.testng.Assert.fail(Assert.java:99)
	at org.testng.Assert.failNotEquals(Assert.java:1037)
	at org.testng.Assert.assertEqualsImpl(Assert.java:140)
	at org.testng.Assert.assertEquals(Assert.java:122)
	at org.testng.Assert.assertEquals(Assert.java:907)
	at org.testng.Assert.assertEquals(Assert.java:917)
	at steps.Pet.iShouldBeDeletedSuccessfully(Pet.java:70)
	at ✽.i should be deleted successfully "1"(file:///Users/salemk/Downloads/APIs_BDD_Test-master/src/test/java/features/Pets.feature:22)

]]></system-out>
  </testcase>
</testsuite>